{
    "date": "2019-08-26 10:54:45",
    "nick": "jchora@telmexomsasi.com",
    "type": "error",
    "meth": "REGISTRO",
    "desc": "SQLSTATE[23000]: Integrity constraint violation: 1048 Column 'fo' cannot be null",
    "data": {
        "ix": "519237544538929",
        "id": "",
        "proceso": "",
        "el": "",
        "cl": "",
        "al": "",
        "no": "",
        "ac": "",
        "pv": "",
        "ts": "",
        "pr": "",
        "fs": "2019-08-26",
        "gr": "undefined",
        "fx": "2019-08-26 10:54:45",
        "ux": "0",
        "rx": "0",
        "et": "619056264933547",
        "sx": "0",
        "re": "419056265844515",
        "sg": "919056264925405",
        "ig": "919056264925405",
        "nu": "219056265840690",
        "te": "319056265848526",
        "pa": "219056265865197",
        "me": "831264706543206",
        "fo": null
    }
},
{
    "date": "2019-08-26 10:55:23",
    "nick": "jchora@telmexomsasi.com",
    "type": "error",
    "meth": "REGISTRO",
    "desc": "SQLSTATE[23000]: Integrity constraint violation: 1048 Column 'fo' cannot be null",
    "data": {
        "ix": "519237552344492",
        "id": "",
        "proceso": "",
        "el": "",
        "cl": "",
        "al": "",
        "no": "",
        "ac": "",
        "pv": "",
        "ts": "",
        "pr": "",
        "fs": "2019-08-26",
        "gr": "undefined",
        "fx": "2019-08-26 10:55:23",
        "ux": "0",
        "rx": "0",
        "et": "619056264933547",
        "sx": "0",
        "re": "419056265844515",
        "sg": "919056264925405",
        "ig": "919056264925405",
        "nu": "219056265840690",
        "te": "319056265848526",
        "pa": "219056265865197",
        "me": "831264706543206",
        "fo": null
    }
},
{
    "date": "2019-08-28 10:40:53",
    "nick": "fgtejada@telmex.com",
    "type": true,
    "meth": "BITACORA",
    "desc": "INSERT INTO bi_sol SET ix = :ix, fx = :fx, mv = :mv, id_usr = :id_usr",
    "data": {
        "mv": "modificacion_proceso",
        "ix": "319223004924037"
    }
},
{
    "date": "2019-08-28 10:40:53",
    "nick": "fgtejada@telmex.com",
    "type": true,
    "meth": "MODIFICACION_PROCESO",
    "desc": "UPDATE so_sol \r\n\t\t\tSET al = :al, no = :no, ac = :ac, pv = :pv, ts = :ts, pr = :pr, fs = :fs, ig = :ig, me = :me, nu = :nu, pa = :pa, sg = :sg, te = :te, dl = :dl, ft = :ft WHERE ix = :ix",
    "data": {
        "ix": "319223004924037",
        "id": "3160",
        "proceso": "1",
        "el": "Ele-978\/2019",
        "cl": "",
        "al": "119056262939071",
        "no": "Evaluaci\u00f3n de la cajas terminal \u00f3ptica de 16 puertos del proveedor Garcia y Borja \r\n",
        "ac": "319056265838396",
        "pv": "919056262940534",
        "ts": "719056262954153",
        "pr": "619056264954214",
        "fs": "2019-08-12 00:00:00",
        "fo": "2019-10-14 00:00:00",
        "sg": "919056264925294",
        "ig": "919056264925371",
        "te": "119189203441144",
        "nu": "219056265840693",
        "pa": "219056265865176",
        "me": "831264706543203",
        "dl": "30",
        "ft": "2019-09-11"
    }
},
{
    "date": "2019-08-28 10:44:22",
    "nick": "fgtejada@telmex.com",
    "type": true,
    "meth": "BITACORA",
    "desc": "INSERT INTO bi_sol SET ix = :ix, fx = :fx, mv = :mv, id_usr = :id_usr",
    "data": {
        "mv": "modificacion_proceso",
        "ix": "319223004924037"
    }
},
{
    "date": "2019-08-28 10:44:22",
    "nick": "fgtejada@telmex.com",
    "type": true,
    "meth": "MODIFICACION_PROCESO",
    "desc": "UPDATE so_sol \r\n\t\t\tSET al = :al, no = :no, ac = :ac, pv = :pv, ts = :ts, pr = :pr, fs = :fs, ig = :ig, me = :me, nu = :nu, pa = :pa, sg = :sg, te = :te, dl = :dl, ft = :ft WHERE ix = :ix",
    "data": {
        "ix": "319223004924037",
        "id": "3160",
        "proceso": "1",
        "el": "Ele-978\/2019",
        "cl": "",
        "al": "119056262939071",
        "no": "Evaluaci\u00f3n de la cajas terminal \u00f3ptica de 16 puertos del proveedor Garcia y Borja \r\n",
        "ac": "319056265838396",
        "pv": "919056262940534",
        "ts": "719056262954153",
        "pr": "619056264954214",
        "fs": "2019-08-12 00:00:00",
        "fo": "2019-10-14 00:00:00",
        "sg": "919056264925294",
        "ig": "919056264925371",
        "te": "119189203441144",
        "nu": "219056265840691",
        "pa": "219056265865176",
        "me": "831264706543200",
        "dl": "60",
        "ft": "2019-10-11"
    }
},
