{
    "date": "2019-09-05 10:36:45",
    "nick": "fgtejada@telmex.com",
    "type": true,
    "meth": "BITACORA",
    "desc": "INSERT INTO bi_sol SET ix = :ix, fx = :fx, mv = :mv, id_usr = :id_usr",
    "data": {
        "mv": "modificacion_proceso",
        "ix": "919244003726968"
    }
},
{
    "date": "2019-09-05 10:36:45",
    "nick": "fgtejada@telmex.com",
    "type": true,
    "meth": "MODIFICACION_PROCESO",
    "desc": "UPDATE so_sol \r\n\t\t\tSET al = :al, no = :no, ac = :ac, pv = :pv, ts = :ts, pr = :pr, fs = :fs, ig = :ig, me = :me, nu = :nu, pa = :pa, sg = :sg, te = :te, dl = :dl, ft = :ft, pd = :pd, ob = :ob WHERE ix = :ix",
    "data": {
        "ix": "919244003726968",
        "id": "3200",
        "proceso": "1",
        "el": "Ele-1018\/2019",
        "cl": "",
        "al": "119056262939066",
        "no": "Evaluaci\u00f3n del nuevo modelo S600 de equipo de medici\u00f3n de cobre del proveedor SENTER",
        "ac": "319056265838396",
        "pv": "919056262940519",
        "ts": "719056262954153",
        "pr": "619056264954214",
        "fs": "2019-08-29 00:00:00",
        "fo": "2019-09-10 00:00:00",
        "sg": "919056264925381",
        "ig": "919056264925287",
        "te": "319056265848497",
        "nu": "219056265840691",
        "pd": "1",
        "pa": "219056265865176",
        "me": "831264706543201",
        "ob": "OBSERVACIONES PRUEBA PRODUCTO NUEVO",
        "dl": "60",
        "ft": "2019-10-28"
    }
},
{
    "date": "2019-09-05 11:05:07",
    "nick": "fgtejada@telmex.com",
    "type": true,
    "meth": "BITACORA",
    "desc": "INSERT INTO bi_sol SET ix = :ix, fx = :fx, mv = :mv, id_usr = :id_usr",
    "data": {
        "mv": "modificacion_proceso",
        "ix": "319189124223850"
    }
},
{
    "date": "2019-09-05 11:05:07",
    "nick": "fgtejada@telmex.com",
    "type": true,
    "meth": "MODIFICACION_PROCESO",
    "desc": "UPDATE so_sol \r\n\t\t\tSET al = :al, no = :no, ac = :ac, pv = :pv, ts = :ts, pr = :pr, fs = :fs, ig = :ig, me = :me, nu = :nu, pa = :pa, sg = :sg, te = :te, dl = :dl, ft = :ft, pd = :pd, ob = :ob WHERE ix = :ix",
    "data": {
        "ix": "319189124223850",
        "id": "2980",
        "proceso": "1",
        "el": "Ele-805\/2019",
        "cl": "Lp-402\/2019 ",
        "al": "119056262939072",
        "no": "Solicitud de elaboraci\u00f3n de especificaci\u00f3n t\u00e9cnica para equipos EDS",
        "ac": "319056265838394",
        "pv": "919056262940477",
        "ts": "719056262954164",
        "pr": "619056264954214",
        "fs": "2019-07-08 00:00:00",
        "fo": "2019-07-19 00:00:00",
        "sg": "919056264925308",
        "ig": "919056264925308",
        "te": "319056265848518",
        "nu": "219056265840691",
        "pd": "1",
        "pa": "219056265865197",
        "me": "831264706543204",
        "ob": "PRUEBA CAMBIO DE PRODUCTO NUEVO Y OBSERVACIONES",
        "dl": "90",
        "ft": "2019-10-06"
    }
},
{
    "date": "2019-09-05 11:06:27",
    "nick": "fgtejada@telmex.com",
    "type": true,
    "meth": "BITACORA",
    "desc": "INSERT INTO bi_sol SET ix = :ix, fx = :fx, mv = :mv, id_usr = :id_usr",
    "data": {
        "mv": "modificacion_proceso",
        "ix": "319189124223850"
    }
},
{
    "date": "2019-09-05 11:06:27",
    "nick": "fgtejada@telmex.com",
    "type": true,
    "meth": "MODIFICACION_PROCESO",
    "desc": "UPDATE so_sol \r\n\t\t\tSET al = :al, no = :no, ac = :ac, pv = :pv, ts = :ts, pr = :pr, fs = :fs, ig = :ig, me = :me, nu = :nu, pa = :pa, sg = :sg, te = :te, dl = :dl, ft = :ft, pd = :pd, ob = :ob WHERE ix = :ix",
    "data": {
        "ix": "319189124223850",
        "id": "2980",
        "proceso": "1",
        "el": "Ele-805\/2019",
        "cl": "Lp-402\/2019 ",
        "al": "119056262939072",
        "no": "Solicitud de elaboraci\u00f3n de especificaci\u00f3n t\u00e9cnica para equipos EDS",
        "ac": "319056265838394",
        "pv": "919056262940477",
        "ts": "719056262954164",
        "pr": "619056264954214",
        "fs": "2019-07-08 00:00:00",
        "fo": "2019-07-19 00:00:00",
        "sg": "919056264925308",
        "ig": "919056264925308",
        "te": "319056265848518",
        "nu": "219056265840691",
        "pd": "",
        "pa": "219056265865197",
        "me": "831264706543204",
        "ob": "",
        "dl": "90",
        "ft": "2019-10-06"
    }
},
{
    "date": "2019-09-06 16:55:06",
    "nick": "fgtejada@telmex.com",
    "type": true,
    "meth": "BITACORA",
    "desc": "INSERT INTO bi_sol SET ix = :ix, fx = :fx, mv = :mv, id_usr = :id_usr",
    "data": {
        "mv": "modificacion_proceso",
        "ix": "619246593442875"
    }
},
{
    "date": "2019-09-06 16:55:07",
    "nick": "fgtejada@telmex.com",
    "type": true,
    "meth": "MODIFICACION_PROCESO",
    "desc": "UPDATE so_sol \r\n\t\t\tSET al = :al, no = :no, ac = :ac, pv = :pv, ts = :ts, pr = :pr, fs = :fs, ig = :ig, me = :me, nu = :nu, pa = :pa, sg = :sg, te = :te, dl = :dl, ft = :ft, pd = :pd, ob = :ob WHERE ix = :ix",
    "data": {
        "ix": "619246593442875",
        "id": "3207",
        "proceso": "1",
        "el": "Ele-1025\/2019",
        "cl": "Lp-517\/2019 ",
        "al": "119056262939071",
        "no": "Evaluaci\u00f3n t\u00e9cnica del Access Point 365 del proveedor Aruba",
        "ac": "319056265838389",
        "pv": "919056262940337",
        "ts": "719056262954153",
        "pr": "619056264954214",
        "fs": "2019-09-04 00:00:00",
        "fo": "2019-10-04 00:00:00",
        "sg": "919056264925294",
        "ig": "919056264925318",
        "te": "319056265848491",
        "nu": "219056265840692",
        "pa": "219056265865196",
        "me": "831264706543200",
        "ob": "",
        "dl": "30",
        "ft": "2019-10-04",
        "pd": null
    }
},
{
    "date": "2019-09-09 10:49:22",
    "nick": "fgtejada@telmex.com",
    "type": "error",
    "meth": "BITACORA",
    "desc": "SQLSTATE[23000]: Integrity constraint violation: 1048 Column 'ix' cannot be null",
    "data": {
        "mv": "modificacion_liberada",
        "ix": null
    }
},
{
    "date": "2019-09-09 10:50:35",
    "nick": "fgtejada@telmex.com",
    "type": true,
    "meth": "BITACORA",
    "desc": "INSERT INTO bi_sol SET ix = :ix, fx = :fx, mv = :mv, id_usr = :id_usr",
    "data": {
        "mv": "modificacion_proceso",
        "ix": "519246014533765"
    }
},
{
    "date": "2019-09-09 10:50:35",
    "nick": "fgtejada@telmex.com",
    "type": true,
    "meth": "MODIFICACION_PROCESO",
    "desc": "UPDATE so_sol \r\n\t\t\tSET al = :al, no = :no, ac = :ac, pv = :pv, ts = :ts, pr = :pr, fs = :fs, ig = :ig, me = :me, nu = :nu, pa = :pa, sg = :sg, te = :te, dl = :dl, ft = :ft, pd = :pd, ob = :ob WHERE ix = :ix",
    "data": {
        "ix": "519246014533765",
        "id": "3208",
        "proceso": "1",
        "el": "Ele-1026\/2019",
        "cl": "Lp-518\/2019 ",
        "al": "119056262939071",
        "no": "Evaluaci\u00f3n t\u00e9cnica del Access Point 515 del proveedor Aruba",
        "ac": "319056265838389",
        "pv": "919056262940337",
        "ts": "719056262954153",
        "pr": "619056264954214",
        "fs": "2019-09-04 00:00:00",
        "fo": "2019-10-04 00:00:00",
        "sg": "919056264925294",
        "ig": "919056264925318",
        "te": "319056265848491",
        "nu": "219056265840691",
        "pd": "1",
        "pa": "219056265865195",
        "me": "831264706543200",
        "ob": "",
        "dl": "45",
        "ft": "2019-10-19"
    }
},
{
    "date": "2019-09-09 10:50:57",
    "nick": "fgtejada@telmex.com",
    "type": "error",
    "meth": "BITACORA",
    "desc": "SQLSTATE[23000]: Integrity constraint violation: 1048 Column 'ix' cannot be null",
    "data": {
        "mv": "modificacion_liberada",
        "ix": null
    }
},
{
    "date": "2019-09-09 10:52:40",
    "nick": "fgtejada@telmex.com",
    "type": true,
    "meth": "BITACORA",
    "desc": "INSERT INTO bi_sol SET ix = :ix, fx = :fx, mv = :mv, id_usr = :id_usr",
    "data": {
        "mv": "modificacion_liberada",
        "ix": "319238003412357"
    }
},
{
    "date": "2019-09-09 10:52:40",
    "nick": "fgtejada@telmex.com",
    "type": true,
    "meth": "MODIFICACION_LIBERADA",
    "desc": "UPDATE so_sol SET pa = :pa, me = :me, ts = :ts, te = :te WHERE ix = :ix",
    "data": {
        "ix": "319238003412357",
        "id": "3196",
        "proceso": "2",
        "el": "Ele-1014\/2019",
        "cl": "",
        "al": "119056262939071",
        "no": "Evaluaci\u00f3n del cord\u00f3n de acometida de FO bajante de 125 m cat. 1036186 del proveedor AMPER",
        "ac": "319056265838396",
        "pv": "919056262940485",
        "ts": "719056262984161",
        "pr": "619056264954214",
        "fs": "2019-08-27 00:00:00",
        "fo": "2019-09-18 00:00:00",
        "sg": "919056264925294",
        "ig": "919056264925298",
        "te": "119189203441144",
        "nu": "219056265840693",
        "pa": "219056265865178",
        "me": "831264706543203",
        "ob": "",
        "dl": 60,
        "ft": "2019-10-26"
    }
},
{
    "date": "2019-09-09 11:05:53",
    "nick": "fgtejada@telmex.com",
    "type": true,
    "meth": "BITACORA",
    "desc": "INSERT INTO bi_sol SET ix = :ix, fx = :fx, mv = :mv, id_usr = :id_usr",
    "data": {
        "mv": "modificacion_liberada",
        "ix": "319238003412357"
    }
},
{
    "date": "2019-09-09 11:05:53",
    "nick": "fgtejada@telmex.com",
    "type": true,
    "meth": "MODIFICACION_LIBERADA",
    "desc": "UPDATE so_sol SET pa = :pa, me = :me, ts = :ts, te = :te WHERE ix = :ix",
    "data": {
        "ix": "319238003412357",
        "id": "3196",
        "proceso": "2",
        "el": "Ele-1014\/2019",
        "cl": "",
        "al": "119056262939071",
        "no": "Evaluaci\u00f3n del cord\u00f3n de acometida de FO bajante de 125 m cat. 1036186 del proveedor AMPER",
        "ac": "319056265838396",
        "pv": "919056262940485",
        "ts": "719056262954159",
        "pr": "619056264954214",
        "fs": "2019-08-27 00:00:00",
        "fo": "2019-09-18 00:00:00",
        "sg": "919056264925294",
        "ig": "919056264925298",
        "te": "319056265848530",
        "nu": "219056265840693",
        "pa": "219056265865178",
        "me": "831264706543202",
        "ob": "",
        "dl": 30,
        "ft": "2019-09-26"
    }
},
{
    "date": "2019-09-09 11:07:03",
    "nick": "fgtejada@telmex.com",
    "type": true,
    "meth": "BITACORA",
    "desc": "INSERT INTO bi_sol SET ix = :ix, fx = :fx, mv = :mv, id_usr = :id_usr",
    "data": {
        "mv": "modificacion_proceso",
        "ix": "719244034463936"
    }
},
{
    "date": "2019-09-09 11:07:03",
    "nick": "fgtejada@telmex.com",
    "type": true,
    "meth": "MODIFICACION_PROCESO",
    "desc": "UPDATE so_sol \r\n\t\t\tSET al = :al, no = :no, ac = :ac, pv = :pv, ts = :ts, pr = :pr, fs = :fs, ig = :ig, me = :me, nu = :nu, pa = :pa, sg = :sg, te = :te, dl = :dl, ft = :ft, pd = :pd, ob = :ob WHERE ix = :ix",
    "data": {
        "ix": "719244034463936",
        "id": "3197",
        "proceso": "1",
        "el": "Ele-1015\/2019",
        "cl": "Toe 165\/2019 ",
        "al": "119056262939071",
        "no": "Evaluaci\u00f3n de calidad de caracter\u00edsticas y desempe\u00f1o de la mod ONT G240W-C 2da generaci\u00f3n cat 1046914 entregadas a almac\u00e9n del proveedor Nokia",
        "ac": "319056265838398",
        "pv": "919056262940426",
        "ts": "719056262954153",
        "pr": "619056264954215",
        "fs": "2019-08-29 00:00:00",
        "fo": "2019-10-04 00:00:00",
        "sg": "919056264925285",
        "ig": "919056264925285",
        "te": "319056265848510",
        "nu": "219056265840692",
        "pa": "219056265865177",
        "me": "831264706543201",
        "ob": "",
        "dl": "30",
        "ft": "2019-09-28",
        "pd": null
    }
},
{
    "date": "2019-09-09 11:07:14",
    "nick": "fgtejada@telmex.com",
    "type": true,
    "meth": "BITACORA",
    "desc": "INSERT INTO bi_sol SET ix = :ix, fx = :fx, mv = :mv, id_usr = :id_usr",
    "data": {
        "mv": "modificacion_proceso",
        "ix": "719244034463936"
    }
},
{
    "date": "2019-09-09 11:07:14",
    "nick": "fgtejada@telmex.com",
    "type": true,
    "meth": "MODIFICACION_PROCESO",
    "desc": "UPDATE so_sol \r\n\t\t\tSET al = :al, no = :no, ac = :ac, pv = :pv, ts = :ts, pr = :pr, fs = :fs, ig = :ig, me = :me, nu = :nu, pa = :pa, sg = :sg, te = :te, dl = :dl, ft = :ft, pd = :pd, ob = :ob WHERE ix = :ix",
    "data": {
        "ix": "719244034463936",
        "id": "3197",
        "proceso": "1",
        "el": "Ele-1015\/2019",
        "cl": "Toe 165\/2019 ",
        "al": "119056262939071",
        "no": "Evaluaci\u00f3n de calidad de caracter\u00edsticas y desempe\u00f1o de la mod ONT G240W-C 2da generaci\u00f3n cat 1046914 entregadas a almac\u00e9n del proveedor Nokia",
        "ac": "319056265838398",
        "pv": "919056262940426",
        "ts": "719056262954153",
        "pr": "619056264954215",
        "fs": "2019-08-29 00:00:00",
        "fo": "2019-10-04 00:00:00",
        "sg": "919056264925285",
        "ig": "919056264925285",
        "te": "319056265848510",
        "nu": "219056265840692",
        "pa": "219056265865176",
        "me": "831264706543201",
        "ob": "",
        "dl": "30",
        "ft": "2019-09-28",
        "pd": null
    }
},
{
    "date": "2019-09-25 17:29:28",
    "nick": "fgtejada@telmex.com",
    "type": true,
    "meth": "BITACORA",
    "desc": "INSERT INTO bi_sol SET ix = :ix, fx = :fx, mv = :mv, id_usr = :id_usr",
    "data": {
        "mv": "aceptacion",
        "ix": "519265134671348"
    }
},
{
    "date": "2019-09-25 17:29:28",
    "nick": "fgtejada@telmex.com",
    "type": true,
    "meth": "ACEPTACION",
    "desc": "UPDATE so_sol SET pv = :pv, ts = :ts, pr = :pr, fo = :fo, sg = :sg, ig = :ig, te = :te, nu = :nu, pa = :pa, me = :me, et = :et, fa = :fa, ft = :ft, dl = :dl, pe = :pe, spe = :spe WHERE id = :id",
    "data": {
        "id": "3237",
        "ix": "519265134671348",
        "pv": "919056262940426",
        "ts": "719056262954145",
        "pr": "619056264954214",
        "fo": "2019-10-18 00:00:00",
        "fs": "2019-09-20 00:00:00",
        "sg": "919056264925308",
        "ig": "919056264925308",
        "te": "319056265848496",
        "nu": "219056265840691",
        "pa": "219056265865176",
        "pe": "5",
        "spe": "7",
        "me": "831264706543204",
        "et": "619056264933549",
        "fa": "2019-09-25 17:09:29",
        "dl": "15",
        "ft": "2019-10-05"
    }
},
{
    "date": "2019-09-25 19:16:59",
    "nick": "fgtejada@telmex.com",
    "type": true,
    "meth": "BITACORA",
    "desc": "INSERT INTO bi_sol SET ix = :ix, fx = :fx, mv = :mv, id_usr = :id_usr",
    "data": {
        "mv": "modificacion_proceso",
        "ix": "619265100013454"
    }
},
{
    "date": "2019-09-25 19:16:59",
    "nick": "fgtejada@telmex.com",
    "type": true,
    "meth": "MODIFICACION_PROCESO",
    "desc": "UPDATE so_sol \r\n\t\t\tSET al = :al, no = :no, ac = :ac, pv = :pv, ts = :ts, pr = :pr, fs = :fs, ig = :ig, me = :me, nu = :nu, pa = :pa, sg = :sg, te = :te, dl = :dl, ft = :ft, pd = :pd, ob = :ob, pe = :pe, spe = :spe WHERE ix = :ix",
    "data": {
        "ix": "619265100013454",
        "id": "3236",
        "proceso": "1",
        "el": "Ele-1053\/2019",
        "cl": "Lpt-156\/2019 ",
        "al": "119056262939069",
        "no": "Actualizaci\u00f3n del protocolo de recepci\u00f3n f\u00edsica para el equipo 1830 PSS-16 II de Nokia",
        "ac": "319056265838394",
        "pv": "919056262940426",
        "ts": "719056262954145",
        "pr": "619056264954214",
        "fs": "2019-09-20 00:00:00",
        "fo": "2019-10-18 00:00:00",
        "sg": "919056264925296",
        "ig": "919056264925364",
        "pd": "2",
        "pe": "0",
        "spe": "0",
        "nu": "219056265840692",
        "te": "319056265848523",
        "pa": "219056265865177",
        "me": "831264706543204",
        "ob": "",
        "dl": "15",
        "ft": "2019-10-05"
    }
},
{
    "date": "2019-09-25 19:18:09",
    "nick": "fgtejada@telmex.com",
    "type": true,
    "meth": "BITACORA",
    "desc": "INSERT INTO bi_sol SET ix = :ix, fx = :fx, mv = :mv, id_usr = :id_usr",
    "data": {
        "mv": "modificacion_proceso",
        "ix": "619265100013454"
    }
},
{
    "date": "2019-09-25 19:18:09",
    "nick": "fgtejada@telmex.com",
    "type": true,
    "meth": "MODIFICACION_PROCESO",
    "desc": "UPDATE so_sol \r\n\t\t\tSET al = :al, no = :no, ac = :ac, pv = :pv, ts = :ts, pr = :pr, fs = :fs, ig = :ig, me = :me, nu = :nu, pa = :pa, sg = :sg, te = :te, dl = :dl, ft = :ft, pd = :pd, ob = :ob, pe = :pe, spe = :spe WHERE ix = :ix",
    "data": {
        "ix": "619265100013454",
        "id": "3236",
        "proceso": "1",
        "el": "Ele-1053\/2019",
        "cl": "Lpt-156\/2019 ",
        "al": "119056262939069",
        "no": "Actualizaci\u00f3n del protocolo de recepci\u00f3n f\u00edsica para el equipo 1830 PSS-16 II de Nokia",
        "ac": "319056265838394",
        "pv": "919056262940426",
        "ts": "719056262954145",
        "pr": "619056264954214",
        "fs": "2019-09-20 00:00:00",
        "fo": "2019-10-18 00:00:00",
        "sg": "919056264925296",
        "ig": "919056264925364",
        "pd": "2",
        "pe": "0",
        "spe": "0",
        "nu": "219056265840692",
        "te": "319056265848523",
        "pa": "219056265865177",
        "me": "831264706543204",
        "ob": "",
        "dl": "15",
        "ft": "2019-10-05"
    }
},
{
    "date": "2019-09-25 19:20:02",
    "nick": "fgtejada@telmex.com",
    "type": true,
    "meth": "BITACORA",
    "desc": "INSERT INTO bi_sol SET ix = :ix, fx = :fx, mv = :mv, id_usr = :id_usr",
    "data": {
        "mv": "modificacion_proceso",
        "ix": "719265581365419"
    }
},
{
    "date": "2019-09-25 19:20:02",
    "nick": "fgtejada@telmex.com",
    "type": true,
    "meth": "MODIFICACION_PROCESO",
    "desc": "UPDATE so_sol \r\n\t\t\tSET al = :al, no = :no, ac = :ac, pv = :pv, ts = :ts, pr = :pr, fs = :fs, ig = :ig, me = :me, nu = :nu, pa = :pa, sg = :sg, te = :te, dl = :dl, ft = :ft, pd = :pd, ob = :ob, pe = :pe, spe = :spe WHERE ix = :ix",
    "data": {
        "ix": "719265581365419",
        "id": "3235",
        "proceso": "1",
        "el": "Ele-1052\/2019",
        "cl": "Lpt-155\/2019 ",
        "al": "119056262939069",
        "no": "Actualizaci\u00f3n del instructivo de configuraci\u00f3n de servicios para el equipo 1830 PSS-16 II de Nokia ",
        "ac": "319056265838394",
        "pv": "919056262940426",
        "ts": "719056262954145",
        "pr": "619056264954214",
        "fs": "2019-09-20 00:00:00",
        "fo": "2019-10-18 00:00:00",
        "sg": "919056264925296",
        "ig": "919056264925327",
        "pd": "2",
        "pe": "5",
        "spe": "6",
        "nu": "219056265840692",
        "te": "319056265848523",
        "pa": "219056265865177",
        "me": "831264706543204",
        "ob": "",
        "dl": "15",
        "ft": "2019-10-05"
    }
},
